Added Component: Designator=C1(CAP_ELEC_100uF_50V)
Added Component: Designator=C2(CAP_ELEC_100uF_50V)
Added Component: Designator=C3(CAP_CER_105)
Add component (AddParameter): Name = "Value"; Value = ""; VariantName = "[No Variations]"
Added Component: Designator=C4(CAP_CER_105)
Add component (AddParameter): Name = "Value"; Value = ""; VariantName = "[No Variations]"
Added Component: Designator=IC1(DIP8)
Added Component: Designator=J1(DC5.5/2.1)
Added Component: Designator=P1(DOMINO_2)
Added Component: Designator=R1(R1/4W)
Add component (AddParameter): Name = "Value"; Value = ""; VariantName = "[No Variations]"
Added Component: Designator=SW1(SW4_2)
Add component (AddParameter): Name = "Value"; Value = "SW chip 4 pin"; VariantName = "[No Variations]"
Added Component: Designator=VR1(VR_VOLUME)
Added Pin To Net: NetName=GND Pin=C2-2
Added Pin To Net: NetName=GND Pin=C3-2
Added Pin To Net: NetName=GND Pin=C4-2
Added Pin To Net: NetName=GND Pin=IC1-1
Added Pin To Net: NetName=GND Pin=J1-2
Added Pin To Net: NetName=GND Pin=J1-3
Added Pin To Net: NetName=GND Pin=P1-2
Added Pin To Net: NetName=GND Pin=R1-2
Added Net: Name=GND
Added Pin To Net: NetName=NetC1_1 Pin=C1-1
Added Pin To Net: NetName=NetC1_1 Pin=IC1-3
Added Pin To Net: NetName=NetC1_1 Pin=VR1-1
Added Net: Name=NetC1_1
Added Pin To Net: NetName=NetC1_2 Pin=C1-2
Added Pin To Net: NetName=NetC1_2 Pin=P1-1
Added Net: Name=NetC1_2
Added Pin To Net: NetName=NetC3_1 Pin=C3-1
Added Pin To Net: NetName=NetC3_1 Pin=IC1-2
Added Pin To Net: NetName=NetC3_1 Pin=IC1-6
Added Pin To Net: NetName=NetC3_1 Pin=VR1-2
Added Net: Name=NetC3_1
Added Pin To Net: NetName=NetC4_1 Pin=C4-1
Added Pin To Net: NetName=NetC4_1 Pin=IC1-5
Added Net: Name=NetC4_1
Added Pin To Net: NetName=NetIC1_4 Pin=IC1-4
Added Pin To Net: NetName=NetIC1_4 Pin=R1-1
Added Pin To Net: NetName=NetIC1_4 Pin=SW1-2
Added Pin To Net: NetName=NetIC1_4 Pin=SW1-4
Added Net: Name=NetIC1_4
Added Pin To Net: NetName=VCC Pin=C2-1
Added Pin To Net: NetName=VCC Pin=IC1-8
Added Pin To Net: NetName=VCC Pin=J1-1
Added Pin To Net: NetName=VCC Pin=SW1-1
Added Pin To Net: NetName=VCC Pin=SW1-3
Added Net: Name=VCC
Added Class: Name=Schematic
